  [4;36;1mSQL (0.1ms)[0m   [0;1mSET SQL_AUTO_IS_NULL=0[0m
  [4;35;1mSQL (0.1ms)[0m   [0mSHOW TABLES[0m
  [4;36;1mSQL (71.3ms)[0m   [0;1mCREATE TABLE `schema_migrations` (`version` varchar(255) NOT NULL) ENGINE=InnoDB[0m
  [4;35;1mSQL (0.9ms)[0m   [0mSHOW KEYS FROM `schema_migrations`[0m
  [4;36;1mSQL (173.5ms)[0m   [0;1mCREATE UNIQUE INDEX `unique_schema_migrations` ON `schema_migrations` (`version`)[0m
  [4;35;1mSQL (0.4ms)[0m   [0mSHOW TABLES[0m
  [4;36;1mSQL (0.5ms)[0m   [0;1mSELECT version FROM schema_migrations[0m
Migrating to CreateWords (20110516002252)
  [4;35;1mSQL (80.2ms)[0m   [0mCREATE TABLE `words` (`id` int(11) DEFAULT NULL auto_increment PRIMARY KEY, `text` varchar(100) NOT NULL, `frequency` int(11) DEFAULT 0 NOT NULL, `type` varchar(255) DEFAULT 'S' NOT NULL, `recent` int(11) DEFAULT 0 NOT NULL, `score` decimal(8,4) DEFAULT 0.0 NOT NULL, `created_at` datetime, `updated_at` datetime) ENGINE=InnoDB[0m
  [4;36;1mSQL (32.1ms)[0m   [0;1mINSERT INTO schema_migrations (version) VALUES ('20110516002252')[0m
  [4;35;1mSQL (0.5ms)[0m   [0mSHOW TABLES[0m
  [4;36;1mSQL (0.3ms)[0m   [0;1mSELECT version FROM schema_migrations[0m
  [4;35;1mSQL (0.3ms)[0m   [0mSHOW TABLES[0m
  [4;36;1mSQL (1.7ms)[0m   [0;1mSHOW FIELDS FROM `words`[0m
  [4;35;1mSQL (0.4ms)[0m   [0mdescribe `words`[0m
  [4;36;1mSQL (0.1ms)[0m   [0;1mSHOW KEYS FROM `words`[0m
  [4;36;1mSQL (0.1ms)[0m   [0;1mSET SQL_AUTO_IS_NULL=0[0m
  [4;35;1mWord Load (0.7ms)[0m   [0mSELECT * FROM `words` WHERE (`words`.`text` = 'and') [0m
  [4;36;1mWord Load (0.6ms)[0m   [0;1mSELECT * FROM words WHERE text = 'and'[0m
  [4;36;1mSQL (0.1ms)[0m   [0;1mSET SQL_AUTO_IS_NULL=0[0m
  [4;35;1mWord Columns (0.6ms)[0m   [0mSHOW FIELDS FROM `words`[0m
  [4;36;1mSQL (0.5ms)[0m   [0;1mSHOW TABLES[0m
  [4;35;1mSQL (0.2ms)[0m   [0mBEGIN[0m
  [4;36;1mWord Create (0.7ms)[0m   [0;1mINSERT INTO `words` (`created_at`, `updated_at`, `text`, `type`, `frequency`, `recent`, `score`) VALUES('2011-05-16 00:48:38', '2011-05-16 00:48:38', 'and', 'S', 0, 0, 0.0)[0m
  [4;35;1mSQL (51.0ms)[0m   [0mCOMMIT[0m
  [4;36;1mWord Load (0.8ms)[0m   [0;1mSELECT * FROM `words` [0m
  [4;36;1mSQL (0.1ms)[0m   [0;1mSET SQL_AUTO_IS_NULL=0[0m
  [4;35;1mSQL (0.2ms)[0m   [0mSHOW TABLES[0m
  [4;36;1mSQL (0.1ms)[0m   [0;1mSELECT version FROM schema_migrations[0m
Migrating to CreateWords (20110516002252)
Migrating to UpdateTypeName (20110516004942)
  [4;35;1mSQL (211.4ms)[0m   [0mALTER TABLE `words` DROP `type`[0m
  [4;36;1mSQL (207.2ms)[0m   [0;1mALTER TABLE `words` ADD `priority_type` varchar(255) DEFAULT 'S' NOT NULL[0m
  [4;35;1mSQL (48.7ms)[0m   [0mINSERT INTO schema_migrations (version) VALUES ('20110516004942')[0m
  [4;36;1mSQL (0.2ms)[0m   [0;1mSHOW TABLES[0m
  [4;35;1mSQL (0.1ms)[0m   [0mSELECT version FROM schema_migrations[0m
  [4;36;1mSQL (0.1ms)[0m   [0;1mSHOW TABLES[0m
  [4;35;1mSQL (0.6ms)[0m   [0mSHOW FIELDS FROM `words`[0m
  [4;36;1mSQL (0.4ms)[0m   [0;1mdescribe `words`[0m
  [4;35;1mSQL (0.1ms)[0m   [0mSHOW KEYS FROM `words`[0m
  [4;36;1mSQL (0.1ms)[0m   [0;1mSET SQL_AUTO_IS_NULL=0[0m
  [4;35;1mWord Load (0.2ms)[0m   [0mSELECT * FROM `words` [0m
  [4;36;1mWord Columns (0.6ms)[0m   [0;1mSHOW FIELDS FROM `words`[0m
  [4;35;1mWord Load (0.7ms)[0m   [0mSELECT * FROM `words` WHERE (`words`.`id` = 1) [0m
  [4;36;1mSQL (0.1ms)[0m   [0;1mSET SQL_AUTO_IS_NULL=0[0m
  [4;35;1mWord Columns (0.6ms)[0m   [0mSHOW FIELDS FROM `words`[0m
  [4;36;1mSQL (0.0ms)[0m   [0;1mBEGIN[0m
  [4;35;1mWord Create (0.2ms)[0m   [0mINSERT INTO `words` (`created_at`, `updated_at`, `text`, `frequency`, `recent`, `score`, `priority_type`) VALUES('2011-05-16 01:00:47', '2011-05-16 01:00:47', 'the', 0, 0, 0.0, 'S')[0m
  [4;36;1mSQL (49.2ms)[0m   [0;1mCOMMIT[0m
  [4;35;1mSQL (0.0ms)[0m   [0mBEGIN[0m
  [4;36;1mWord Create (0.2ms)[0m   [0;1mINSERT INTO `words` (`created_at`, `updated_at`, `text`, `frequency`, `recent`, `score`, `priority_type`) VALUES('2011-05-16 01:00:47', '2011-05-16 01:00:47', 'that', 0, 0, 0.0, 'S')[0m
  [4;35;1mSQL (47.8ms)[0m   [0mCOMMIT[0m
  [4;36;1mSQL (0.2ms)[0m   [0;1mBEGIN[0m
  [4;35;1mWord Create (0.4ms)[0m   [0mINSERT INTO `words` (`created_at`, `updated_at`, `text`, `frequency`, `recent`, `score`, `priority_type`) VALUES('2011-05-16 01:00:47', '2011-05-16 01:00:47', 'this', 0, 0, 0.0, 'S')[0m
  [4;36;1mSQL (36.0ms)[0m   [0;1mCOMMIT[0m
  [4;35;1mSQL (0.2ms)[0m   [0mBEGIN[0m
  [4;36;1mWord Create (0.4ms)[0m   [0;1mINSERT INTO `words` (`created_at`, `updated_at`, `text`, `frequency`, `recent`, `score`, `priority_type`) VALUES('2011-05-16 01:00:47', '2011-05-16 01:00:47', 'cat', 0, 0, 0.0, 'S')[0m
  [4;35;1mSQL (36.0ms)[0m   [0mCOMMIT[0m
  [4;36;1mSQL (0.2ms)[0m   [0;1mBEGIN[0m
  [4;35;1mWord Create (0.4ms)[0m   [0mINSERT INTO `words` (`created_at`, `updated_at`, `text`, `frequency`, `recent`, `score`, `priority_type`) VALUES('2011-05-16 01:00:47', '2011-05-16 01:00:47', 'dog', 0, 0, 0.0, 'S')[0m
  [4;36;1mSQL (36.4ms)[0m   [0;1mCOMMIT[0m
  [4;35;1mSQL (0.2ms)[0m   [0mBEGIN[0m
  [4;36;1mWord Create (0.5ms)[0m   [0;1mINSERT INTO `words` (`created_at`, `updated_at`, `text`, `frequency`, `recent`, `score`, `priority_type`) VALUES('2011-05-16 01:00:47', '2011-05-16 01:00:47', 'kangaroo', 0, 0, 0.0, 'S')[0m
  [4;35;1mSQL (35.9ms)[0m   [0mCOMMIT[0m
  [4;36;1mSQL (0.2ms)[0m   [0;1mBEGIN[0m
  [4;35;1mWord Create (0.4ms)[0m   [0mINSERT INTO `words` (`created_at`, `updated_at`, `text`, `frequency`, `recent`, `score`, `priority_type`) VALUES('2011-05-16 01:00:47', '2011-05-16 01:00:47', 'auckland', 0, 0, 0.0, 'S')[0m
  [4;36;1mSQL (36.2ms)[0m   [0;1mCOMMIT[0m
  [4;36;1mSQL (0.1ms)[0m   [0;1mSET SQL_AUTO_IS_NULL=0[0m


Processing ApplicationController#index (for 127.0.0.1 at 2011-05-15 21:18:57) [GET]

ActionController::RoutingError (No route matches "/" with {:method=>:get}):
  

Rendering rescues/layout (not_found)
  [4;35;1mSQL (0.1ms)[0m   [0mSET SQL_AUTO_IS_NULL=0[0m


Processing DashboardController#index (for 127.0.0.1 at 2011-05-15 21:22:35) [GET]
Rendering template within layouts/application
Rendering dashboard/index
Completed in 93ms (View: 91, DB: 0) | 200 OK [http://localhost/]
  [4;36;1mSQL (0.2ms)[0m   [0;1mSET SQL_AUTO_IS_NULL=0[0m


Processing DashboardController#index (for 127.0.0.1 at 2011-05-15 21:23:19) [GET]
Rendering template within layouts/application
Rendering dashboard/index
Completed in 3ms (View: 1, DB: 0) | 200 OK [http://localhost/]
  [4;35;1mSQL (0.2ms)[0m   [0mSET SQL_AUTO_IS_NULL=0[0m


Processing DashboardController#index (for 127.0.0.1 at 2011-05-15 21:23:20) [GET]
Rendering template within layouts/application
Rendering dashboard/index
Completed in 3ms (View: 1, DB: 0) | 200 OK [http://localhost/]
  [4;36;1mSQL (7.1ms)[0m   [0;1mSET SQL_AUTO_IS_NULL=0[0m


Processing DashboardController#index (for 127.0.0.1 at 2011-05-15 21:23:20) [GET]
Rendering template within layouts/application
Rendering dashboard/index
Completed in 3ms (View: 1, DB: 7) | 200 OK [http://localhost/]
  [4;35;1mSQL (0.1ms)[0m   [0mSET SQL_AUTO_IS_NULL=0[0m


Processing DashboardController#index (for 127.0.0.1 at 2011-05-15 21:24:18) [GET]

ActionView::MissingTemplate (Missing template dashboard/index.erb in view path app/views):
  

Rendering rescues/layout (internal_server_error)
  [4;36;1mSQL (0.2ms)[0m   [0;1mSET SQL_AUTO_IS_NULL=0[0m


Processing DashboardController#index (for 127.0.0.1 at 2011-05-15 21:24:52) [GET]
Rendering template within layouts/application
Rendering dashboard/index
Completed in 6ms (View: 4, DB: 0) | 200 OK [http://localhost/]
  [4;35;1mSQL (0.1ms)[0m   [0mSET SQL_AUTO_IS_NULL=0[0m


Processing DashboardController#index (for 127.0.0.1 at 2011-05-15 21:26:49) [GET]
Rendering template within layouts/application
Rendering dashboard/index
Completed in 6ms (View: 4, DB: 0) | 200 OK [http://localhost/]
  [4;36;1mSQL (0.1ms)[0m   [0;1mSET SQL_AUTO_IS_NULL=0[0m


Processing DashboardController#index (for 127.0.0.1 at 2011-05-15 21:29:23) [GET]
Rendering template within layouts/application
Rendering dashboard/index
Completed in 6ms (View: 4, DB: 0) | 200 OK [http://localhost/]
  [4;35;1mSQL (0.1ms)[0m   [0mSET SQL_AUTO_IS_NULL=0[0m


Processing DashboardController#index (for 127.0.0.1 at 2011-05-15 21:33:14) [GET]
Rendering template within layouts/application
Rendering dashboard/index
Completed in 7ms (View: 5, DB: 0) | 200 OK [http://localhost/]
  [4;36;1mSQL (0.1ms)[0m   [0;1mSET SQL_AUTO_IS_NULL=0[0m


Processing DashboardController#index (for 127.0.0.1 at 2011-05-15 21:36:27) [GET]
Rendering template within layouts/application
Rendering dashboard/index
Completed in 7ms (View: 5, DB: 0) | 200 OK [http://localhost/]
  [4;35;1mSQL (0.2ms)[0m   [0mSET SQL_AUTO_IS_NULL=0[0m


Processing DashboardController#index (for 127.0.0.1 at 2011-05-15 21:37:01) [GET]
Rendering template within layouts/application
Rendering dashboard/index
Completed in 5ms (View: 2, DB: 0) | 200 OK [http://localhost/]
  [4;36;1mSQL (0.1ms)[0m   [0;1mSET SQL_AUTO_IS_NULL=0[0m


Processing DashboardController#index (for 127.0.0.1 at 2011-05-15 21:41:05) [GET]
Rendering template within layouts/application
Rendering dashboard/index
ERROR: compiling _run_erb_app47views47dashboard47index46html46erb RAISED compile error
/home/ndhar/Code/activecomplete/app/views/dashboard/index.html.erb:2: syntax error, unexpected ')'
...t_path, :method => "get") do ).to_s); @output_buffer.concat ...
                              ^
/home/ndhar/Code/activecomplete/app/views/dashboard/index.html.erb:7: syntax error, unexpected kENSURE, expecting ')'
/home/ndhar/Code/activecomplete/app/views/dashboard/index.html.erb:9: syntax error, unexpected kEND, expecting ')'
Function body:           def _run_erb_app47views47dashboard47index46html46erb(local_assigns)
            old_output_buffer = output_buffer;;@output_buffer = '';  __in_erb_template=true ; @output_buffer.concat "<div id=\"main\">\n\t"
; @output_buffer.concat(( form_tag(root_path, :method => "get") do ).to_s); @output_buffer.concat "\n\t\t"
; @output_buffer.concat(( text_field_tag(:query) ).to_s); @output_buffer.concat "\n\t\t"
; @output_buffer.concat(( submit_tag("Search") ).to_s); @output_buffer.concat "\n\t"
;  end ; @output_buffer.concat "\n</div>"
; @output_buffer
          ensure
            self.output_buffer = old_output_buffer
          end
Backtrace: /home/ndhar/Code/activecomplete/app/views/dashboard/index.html.erb:9:in `compile!'
/usr/lib/ruby/gems/1.8/gems/actionpack-2.3.11/lib/action_view/renderable.rb:61:in `compile'
/usr/lib/ruby/gems/1.8/gems/actionpack-2.3.11/lib/action_view/renderable.rb:28:in `render'
/usr/lib/ruby/gems/1.8/gems/actionpack-2.3.11/lib/action_view/template.rb:205:in `render_template'
/usr/lib/ruby/gems/1.8/gems/actionpack-2.3.11/lib/action_view/base.rb:265:in `render'
/usr/lib/ruby/gems/1.8/gems/actionpack-2.3.11/lib/action_view/base.rb:348:in `_render_with_layout'
/usr/lib/ruby/gems/1.8/gems/actionpack-2.3.11/lib/action_view/base.rb:262:in `render'
/usr/lib/ruby/gems/1.8/gems/actionpack-2.3.11/lib/action_controller/base.rb:1252:in `render_for_file'
/usr/lib/ruby/gems/1.8/gems/actionpack-2.3.11/lib/action_controller/base.rb:936:in `render_without_benchmark'
/usr/lib/ruby/gems/1.8/gems/actionpack-2.3.11/lib/action_controller/benchmarking.rb:51:in `render'
/usr/lib/ruby/gems/1.8/gems/activesupport-2.3.11/lib/active_support/core_ext/benchmark.rb:17:in `ms'
/usr/lib/ruby/1.8/benchmark.rb:308:in `realtime'
/usr/lib/ruby/gems/1.8/gems/activesupport-2.3.11/lib/active_support/core_ext/benchmark.rb:17:in `ms'
/usr/lib/ruby/gems/1.8/gems/actionpack-2.3.11/lib/action_controller/benchmarking.rb:51:in `render'
/usr/lib/ruby/gems/1.8/gems/actionpack-2.3.11/lib/action_controller/base.rb:1328:in `default_render'
/usr/lib/ruby/gems/1.8/gems/actionpack-2.3.11/lib/action_controller/base.rb:1334:in `perform_action_without_filters'
/usr/lib/ruby/gems/1.8/gems/actionpack-2.3.11/lib/action_controller/filters.rb:617:in `call_filters'
/usr/lib/ruby/gems/1.8/gems/actionpack-2.3.11/lib/action_controller/filters.rb:610:in `perform_action_without_benchmark'
/usr/lib/ruby/gems/1.8/gems/actionpack-2.3.11/lib/action_controller/benchmarking.rb:68:in `perform_action_without_rescue'
/usr/lib/ruby/gems/1.8/gems/activesupport-2.3.11/lib/active_support/core_ext/benchmark.rb:17:in `ms'
/usr/lib/ruby/1.8/benchmark.rb:308:in `realtime'
/usr/lib/ruby/gems/1.8/gems/activesupport-2.3.11/lib/active_support/core_ext/benchmark.rb:17:in `ms'
/usr/lib/ruby/gems/1.8/gems/actionpack-2.3.11/lib/action_controller/benchmarking.rb:68:in `perform_action_without_rescue'
/usr/lib/ruby/gems/1.8/gems/actionpack-2.3.11/lib/action_controller/rescue.rb:160:in `perform_action_without_flash'
/usr/lib/ruby/gems/1.8/gems/actionpack-2.3.11/lib/action_controller/flash.rb:151:in `perform_action'
/usr/lib/ruby/gems/1.8/gems/actionpack-2.3.11/lib/action_controller/base.rb:532:in `send'
/usr/lib/ruby/gems/1.8/gems/actionpack-2.3.11/lib/action_controller/base.rb:532:in `process_without_filters'
/usr/lib/ruby/gems/1.8/gems/actionpack-2.3.11/lib/action_controller/filters.rb:606:in `process'
/usr/lib/ruby/gems/1.8/gems/actionpack-2.3.11/lib/action_controller/base.rb:391:in `process'
/usr/lib/ruby/gems/1.8/gems/actionpack-2.3.11/lib/action_controller/base.rb:386:in `call'
/usr/lib/ruby/gems/1.8/gems/actionpack-2.3.11/lib/action_controller/routing/route_set.rb:438:in `call'
/usr/lib/ruby/gems/1.8/gems/actionpack-2.3.11/lib/action_controller/dispatcher.rb:87:in `dispatch'
/usr/lib/ruby/gems/1.8/gems/actionpack-2.3.11/lib/action_controller/dispatcher.rb:121:in `_call'
/usr/lib/ruby/gems/1.8/gems/actionpack-2.3.11/lib/action_controller/dispatcher.rb:130:in `build_middleware_stack'
/usr/lib/ruby/gems/1.8/gems/activerecord-2.3.11/lib/active_record/query_cache.rb:29:in `call'
/usr/lib/ruby/gems/1.8/gems/activerecord-2.3.11/lib/active_record/query_cache.rb:29:in `call'
/usr/lib/ruby/gems/1.8/gems/activerecord-2.3.11/lib/active_record/connection_adapters/abstract/query_cache.rb:34:in `cache'
/usr/lib/ruby/gems/1.8/gems/activerecord-2.3.11/lib/active_record/query_cache.rb:9:in `cache'
/usr/lib/ruby/gems/1.8/gems/activerecord-2.3.11/lib/active_record/query_cache.rb:28:in `call'
/usr/lib/ruby/gems/1.8/gems/activerecord-2.3.11/lib/active_record/connection_adapters/abstract/connection_pool.rb:361:in `call'
/usr/lib/ruby/gems/1.8/gems/actionpack-2.3.11/lib/action_controller/string_coercion.rb:25:in `call'
/usr/lib/ruby/gems/1.8/gems/rack-1.1.2/lib/rack/head.rb:9:in `call'
/usr/lib/ruby/gems/1.8/gems/rack-1.1.2/lib/rack/methodoverride.rb:24:in `call'
/usr/lib/ruby/gems/1.8/gems/actionpack-2.3.11/lib/action_controller/params_parser.rb:15:in `call'
/usr/lib/ruby/gems/1.8/gems/actionpack-2.3.11/lib/action_controller/session/cookie_store.rb:99:in `call'
/usr/lib/ruby/gems/1.8/gems/actionpack-2.3.11/lib/action_controller/failsafe.rb:26:in `call'
/usr/lib/ruby/gems/1.8/gems/rack-1.1.2/lib/rack/lock.rb:11:in `call'
/usr/lib/ruby/gems/1.8/gems/rack-1.1.2/lib/rack/lock.rb:11:in `synchronize'
/usr/lib/ruby/gems/1.8/gems/rack-1.1.2/lib/rack/lock.rb:11:in `call'
/usr/lib/ruby/gems/1.8/gems/actionpack-2.3.11/lib/action_controller/dispatcher.rb:114:in `call'
/usr/lib/ruby/gems/1.8/gems/actionpack-2.3.11/lib/action_controller/reloader.rb:34:in `run'
/usr/lib/ruby/gems/1.8/gems/actionpack-2.3.11/lib/action_controller/dispatcher.rb:108:in `call'
/usr/lib/ruby/gems/1.8/gems/rails-2.3.11/lib/rails/rack/static.rb:31:in `call'
/usr/lib/ruby/gems/1.8/gems/rack-1.1.2/lib/rack/urlmap.rb:47:in `call'
/usr/lib/ruby/gems/1.8/gems/rack-1.1.2/lib/rack/urlmap.rb:41:in `each'
/usr/lib/ruby/gems/1.8/gems/rack-1.1.2/lib/rack/urlmap.rb:41:in `call'
/usr/lib/ruby/gems/1.8/gems/rails-2.3.11/lib/rails/rack/log_tailer.rb:17:in `call'
/usr/lib/ruby/gems/1.8/gems/rack-1.1.2/lib/rack/content_length.rb:13:in `call'
/usr/lib/ruby/gems/1.8/gems/rack-1.1.2/lib/rack/chunked.rb:15:in `call'
/usr/lib/ruby/gems/1.8/gems/rack-1.1.2/lib/rack/handler/mongrel.rb:67:in `process'
/usr/lib/ruby/gems/1.8/gems/mongrel-1.1.5/lib/mongrel.rb:159:in `process_client'
/usr/lib/ruby/gems/1.8/gems/mongrel-1.1.5/lib/mongrel.rb:158:in `each'
/usr/lib/ruby/gems/1.8/gems/mongrel-1.1.5/lib/mongrel.rb:158:in `process_client'
/usr/lib/ruby/gems/1.8/gems/mongrel-1.1.5/lib/mongrel.rb:285:in `run'
/usr/lib/ruby/gems/1.8/gems/mongrel-1.1.5/lib/mongrel.rb:285:in `initialize'
/usr/lib/ruby/gems/1.8/gems/mongrel-1.1.5/lib/mongrel.rb:285:in `new'
/usr/lib/ruby/gems/1.8/gems/mongrel-1.1.5/lib/mongrel.rb:285:in `run'
/usr/lib/ruby/gems/1.8/gems/mongrel-1.1.5/lib/mongrel.rb:268:in `initialize'
/usr/lib/ruby/gems/1.8/gems/mongrel-1.1.5/lib/mongrel.rb:268:in `new'
/usr/lib/ruby/gems/1.8/gems/mongrel-1.1.5/lib/mongrel.rb:268:in `run'
/usr/lib/ruby/gems/1.8/gems/rack-1.1.2/lib/rack/handler/mongrel.rb:38:in `run'
/usr/lib/ruby/gems/1.8/gems/rails-2.3.11/lib/commands/server.rb:111
/usr/local/lib/site_ruby/1.8/rubygems/custom_require.rb:29:in `gem_original_require'
/usr/local/lib/site_ruby/1.8/rubygems/custom_require.rb:29:in `require'
script/server:3

ActionView::TemplateError (compile error
/home/ndhar/Code/activecomplete/app/views/dashboard/index.html.erb:2: syntax error, unexpected ')'
...t_path, :method => "get") do ).to_s); @output_buffer.concat ...
                              ^
/home/ndhar/Code/activecomplete/app/views/dashboard/index.html.erb:7: syntax error, unexpected kENSURE, expecting ')'
/home/ndhar/Code/activecomplete/app/views/dashboard/index.html.erb:9: syntax error, unexpected kEND, expecting ')') on line #2 of app/views/dashboard/index.html.erb:
1: <div id="main">
2: 	<%= form_tag(root_path, :method => "get") do %>
3: 		<%= text_field_tag(:query) %>
4: 		<%= submit_tag("Search") %>
5: 	<% end %>

    app/views/dashboard/index.html.erb:9:in `compile!'

Rendered rescues/_trace (40.1ms)
Rendered rescues/_request_and_response (1.2ms)
Rendering rescues/layout (internal_server_error)
  [4;35;1mSQL (0.2ms)[0m   [0mSET SQL_AUTO_IS_NULL=0[0m


Processing DashboardController#index (for 127.0.0.1 at 2011-05-15 21:41:56) [GET]
Rendering template within layouts/application
Rendering dashboard/index
Completed in 52ms (View: 49, DB: 0) | 200 OK [http://localhost/]
  [4;36;1mSQL (0.1ms)[0m   [0;1mSET SQL_AUTO_IS_NULL=0[0m


Processing DashboardController#index (for 127.0.0.1 at 2011-05-15 21:45:02) [GET]
Rendering template within layouts/application
Rendering dashboard/index
Completed in 8ms (View: 6, DB: 0) | 200 OK [http://localhost/]
